1 10 20
100 200 125
201 210 89
99 100 26
1 1 1
2 2 2
11 11 15
12 12 10
999999 999999 259
5 9 20
50 51 25
1 92 116
92 100 119
3 10 20
5 6 9
92 478 144
52 522 144
73 657 145
55 66 113
12 34 112
45 56 113
67 78 116
78 89 111
99 111 114
123 456 144
678 789 171
123 321 131
234 345 144
94 143 122
192 293 128
374 596 142
384 503 142
1038 1039 63
200 234 128
597 837 171
26 141 122
182 478 144
629 662 145
91 218 125
67 77 116
52 60 113
11 13 15
11 20 21
11 23 21
23 56 113
64 78 116
102 203 125
293 304 118
473 586 142
33 44 110
33 55 113
44 77 116
77 99 119
98 102 26
103 364 144
263 364 144
333 444 134
333 400 126
400 500 142
93 102 119
900 901 55
800 900 179
1 7 17
2 8 17
5 12 20
2 27 112
2 90 116
3 30 112
3 10 20
12 13 10
15 20 21
22 56 113
94 803 171
9000 9001 141
90000 90001 165
1234 4321 238
123 321 131
234 432 144
345 543 142
456 654 145
567 765 171
678 876 179
789 987 179
890 1092 174
100 120 114
120 130 122
150 200 125
330 444 134
1 20 21
123 300 128
2 19 21
1 17 20
2 15 20
3 8 17
102 203 125
203 325 131
900 1000 174
9 12 20
12 64 113
99 200 125
67 92 116
30633 835577 509
886172 951388 507
577240 580134 359
335863 432676 449
103029 643685 509
663026 902626 525
202681 952357 525
46367 785899 509
220293 595693 470
889407 995712 507
482475 505497 426
402632 510419 449
292642 706455 509
460984 881438 525
30348 394144 443
169514 342718 443
639771 896956 525
158917 908983 525
819487 938842 525
845502 985071 507
28570 916193 525
218701 571201 470
691240 794173 504
714704 998682 525
271225 945664 525
471722 639314 509
437379 768926 509
341150 902256 525
691098 726687 504
386805 705229 509
50261 968508 525
808187 887119 525
160530 463690 449
114129 595675 470
35343 209274 383
77508 271063 443
220305 895753 525
611051 706432 509
148523 817572 509
3694 392176 443
63630 485489 449
388543 616985 470
774404 865806 525
245187 700654 509
506126 863304 525
540063 987130 525
194118 589561 470
122446 389504 443
46614 428829 449
116823 265293 443
234904 329030 407
242340 916325 525
82660 373008 443
182751 413737 449
97010 219498 386
787222 908737 525
7966 407891 443
777924 969698 525
114642 593520 470
593685 981871 525
226712 823116 509
162430 446248 449
298597 523386 470
229667 839074 525
149011 581667 470
328870 465187 449
240968 734184 509
173830 856112 525
67968 230024 386
914240 930627 476
401389 579458 470
434671 759776 509
186600 682501 509
28448 396574 443
101265 318120 443
251015 707816 509
877297 983148 507
124614 681094 509
344423 512113 470
438005 712451 509
347214 477911 449
290817 394462 441
335454 917497 525
2496 74685 340
609373 759756 509
121195 611626 470
651865 808204 504
455894 657103 509
558830 724264 509
307524 630879 509
7436 288532 443
152430 251676 443
239743 523262 470
136021 257872 443
251361 989516 525
24577 700597 509
